Arguments: 
  C:\Program Files\nodejs\node.exe C:\Program Files\nodejs\node_modules\yarn\bin\yarn.js install

PATH: 
  C:\Program Files\PowerShell\7;C:\Program Files\PHP\v7.4;C:\Program Files (x86)\Microsoft SDKs\Azure\CLI2\wbin;C:\Program Files (x86)\Intel\iCLS Client\;C:\Program Files\Intel\iCLS Client\;C:\WINDOWS\system32;C:\WINDOWS;C:\WINDOWS\System32\Wbem;C:\WINDOWS\System32\WindowsPowerShell\v1.0\;C:\WINDOWS\System32\OpenSSH\;C:\Program Files\Intel\Intel(R) Management Engine Components\DAL;C:\Program Files (x86)\Intel\Intel(R) Management Engine Components\DAL;C:\Program Files\Intel\Intel(R) Management Engine Components\IPT;C:\Program Files (x86)\Intel\Intel(R) Management Engine Components\IPT;C:\Program Files\dotnet\;C:\Program Files\Microsoft SQL Server\130\Tools\Binn\;C:\Program Files\Microsoft SQL Server\Client SDK\ODBC\170\Tools\Binn\;C:\ProgramData\chocolatey\bin;C:\Program Files\Amazon\AWSCLIV2\;C:\Program Files (x86)\Paragon Software\APFS for Windows\;C:\Program Files\Docker\Docker\resources\bin;C:\ProgramData\DockerDesktop\version-bin;C:\Program Files\Microsoft\Web Platform Installer\;C:\Program Files (x86)\Microsoft SQL Server\150\DTS\Binn\;C:\Program Files\Git\cmd;C:\Program Files\nodejs\;C:\Users\robin.chesterman\.cargo\bin;C:\Ruby24-x64\bin;C:\Users\robin.chesterman\AppData\Local\Microsoft\WindowsApps;C:\Users\robin.chesterman\AppData\Local\Programs\Microsoft VS Code\bin;C:\Users\robin.chesterman\.dotnet\tools;C:\Users\robin.chesterman\AppData\Roaming\nvm;(C:\Users\robin.chesterman.cargo\bin;C:\Users\robin.chesterman\AppData\Local\Yarn\bin;C:\Users\robin.chesterman\.dotnet\tools;C:\Users\robin.chesterman\AppData\Local\Microsoft\WindowsApps;C:\SASS;C:\Users\robin.chesterman\AppData\Roaming\npm

Yarn version: 
  1.22.10

Node version: 
  14.15.4

Platform: 
  win32 x64

Trace: 
  Error: getaddrinfo ENOTFOUND registry.yarnpkg.com
      at GetAddrInfoReqWrap.onlookup [as oncomplete] (dns.js:67:26)

npm manifest: 
  {
    "name": "au2-routing",
    "description": "An Aurelia 2 client application.",
    "version": "0.1.0",
    "repository": {
      "type": "git",
      "url": "???"
    },
    "license": "UNLICENSED",
    "dependencies": {
      "aurelia": "0.9.0-dev.202101150947"
    },
    "devDependencies": {
      "htmlhint": "^0.11.0",
      "browser-do": "^0.3.0",
      "rimraf": "^2.0.0",
      "webpack": "^4.0.0",
      "webpack-cli": "^3.0.0",
      "webpack-dev-server": "^3.0.0",
      "html-webpack-plugin": "^3.0.0",
      "style-loader": "^1.0.0",
      "css-loader": "^3.0.0",
      "@aurelia/webpack-loader": "0.9.0",
      "ts-loader": "^6.0.0",
      "postcss-loader": "^3.0.0",
      "autoprefixer": "^9.0.0",
      "webpack-shell-plugin-next": "^1.0.0",
      "@types/node": "^12.0.0",
      "typescript": "^3.0.0",
      "tslint": "^5.0.0",
      "jasmine-core": "^3.0.0",
      "@types/jasmine": "^3.0.0"
    },
    "scripts": {
      "lint:html": "htmlhint -c .htmlhintrc src",
      "lint": "npm run lint:js && npm run lint:html",
      "test": "npm run test:headless",
      "pretest": "npm run lint && npm run build:test",
      "start": "webpack-dev-server",
      "build": "rimraf dist && webpack --env production",
      "build:test": "rimraf dist && webpack --env test",
      "test:watch": "rimraf dist && webpack --env test --watch --runTest",
      "lint:js": "tslint --project tsconfig.json",
      "test:headless": "browser-do --jasmine < dist/entry-bundle.js",
      "test:chrome": "browser-do --jasmine --browser chrome < dist/entry-bundle.js"
    }
  }

yarn manifest: 
  No manifest

Lockfile: 
  No lockfile
